<?xml version="1.0" encoding="UTF-8"?>
<!-- Generated by org.testng.reporters.JUnitXMLReporter -->
<testsuite ignored="0" hostname="Kop" failures="0" tests="2" name="Default test" time="0.045" errors="0" timestamp="2021-10-23T09:45:48 ICT">
  <testcase classname="TH_23_10_2021_APPLIED_TESTNG.BaseClass" name="@BeforeTest testcaseSetUp" time="-1.63495714807E9">
    <failure type="org.testng.TestNGException" message="
Can inject only one of &amp;lt;ITestContext, XmlTest&amp;gt; into a @BeforeTest annotated testcaseSetUp.
For more information on native dependency injection please refer to https://testng.org/doc/documentation-main.html#native-dependency-injection">
      <![CDATA[org.testng.TestNGException: 
Can inject only one of <ITestContext, XmlTest> into a @BeforeTest annotated testcaseSetUp.
For more information on native dependency injection please refer to https://testng.org/doc/documentation-main.html#native-dependency-injection
at org.testng.internal.Parameters.checkParameterTypes(Parameters.java:439)
at org.testng.internal.Parameters.createParametersForMethod(Parameters.java:353)
at org.testng.internal.Parameters.createParameters(Parameters.java:708)
at org.testng.internal.Parameters.createConfigurationParameters(Parameters.java:168)
at org.testng.internal.ConfigInvoker.invokeConfigurations(ConfigInvoker.java:302)
at org.testng.TestRunner.invokeTestConfigurations(TestRunner.java:637)
at org.testng.TestRunner.beforeRun(TestRunner.java:627)
at org.testng.TestRunner.run(TestRunner.java:589)
at org.testng.SuiteRunner.runTest(SuiteRunner.java:377)
at org.testng.SuiteRunner.runSequentially(SuiteRunner.java:371)
at org.testng.SuiteRunner.privateRun(SuiteRunner.java:332)
at org.testng.SuiteRunner.run(SuiteRunner.java:276)
at org.testng.SuiteRunnerWorker.runSuite(SuiteRunnerWorker.java:53)
at org.testng.SuiteRunnerWorker.run(SuiteRunnerWorker.java:96)
at org.testng.TestNG.runSuitesSequentially(TestNG.java:1212)
at org.testng.TestNG.runSuitesLocally(TestNG.java:1134)
at org.testng.TestNG.runSuites(TestNG.java:1063)
at org.testng.TestNG.run(TestNG.java:1031)
at org.testng.remote.AbstractRemoteTestNG.run(AbstractRemoteTestNG.java:115)
at org.testng.remote.RemoteTestNG.initAndRun(RemoteTestNG.java:251)
at org.testng.remote.RemoteTestNG.main(RemoteTestNG.java:77)
]]>
    </failure>
  </testcase> <!-- @BeforeTest testcaseSetUp -->
  <testcase classname="TH_23_10_2021_APPLIED_TESTNG.BaseClass" name="@AfterTest testCaseTearDown" time="-1.634957148111E9">
    <skipped/>
  </testcase> <!-- @AfterTest testCaseTearDown -->
  <testcase classname="TH_23_10_2021_APPLIED_TESTNG.TCs_Exercise1" name="clickRegisterLinkTest" time="0.0">
    <skipped/>
  </testcase> <!-- clickRegisterLinkTest -->
  <testcase classname="TH_23_10_2021_APPLIED_TESTNG.TCs_Exercise1" name="clickSupportLinkTest" time="0.0">
    <skipped/>
  </testcase> <!-- clickSupportLinkTest -->
</testsuite> <!-- Default test -->
